<?xml version="1.0" encoding="UTF-8"?>
<testsuite xmlns:xsi="http://www.w3.org/2001/XMLSchema-instance" xsi:noNamespaceSchemaLocation="https://maven.apache.org/surefire/maven-surefire-plugin/xsd/surefire-test-report-3.0.xsd" version="3.0" name="com.test.wootitude_test.impl.Validation7CharPageTest" time="5.984" tests="37" errors="0" skipped="0" failures="7">
  <properties>
[...]
</properties>
  <testcase name="invalidLength(String)[1]" classname="com.test.wootitude_test.impl.Validation7CharPageTest" time="0.637">
    <system-out><![CDATA[18:31:41.666 [main] INFO org.springframework.test.context.support.AnnotationConfigContextLoaderUtils -- Could not detect default configuration classes for test class [com.test.wootitude_test.impl.Validation7CharPageTest]: Validation7CharPageTest does not declare any static, non-private, non-final, nested classes annotated with @Configuration.
18:31:41.707 [main] INFO org.springframework.boot.test.context.SpringBootTestContextBootstrapper -- Found @SpringBootConfiguration com.test.wootitude_test.WootitudeTestApplication for test class com.test.wootitude_test.impl.Validation7CharPageTest

  .   ____          _            __ _ _
 /\\ / ___'_ __ _ _(_)_ __  __ _ \ \ \ \
( ( )\___ | '_ | '_| | '_ \/ _` | \ \ \ \
 \\/  ___)| |_)| | | | | || (_| |  ) ) ) )
  '  |____| .__|_| |_|_| |_\__, | / / / /
 =========|_|==============|___/=/_/_/_/
 :: Spring Boot ::             (v3.3.0-M1)

2024-03-04T18:31:41.869+01:00  INFO 6803 --- [           main] c.t.w.impl.Validation7CharPageTest       : Starting Validation7CharPageTest using Java 18.0.2 with PID 6803 (started by timtitarenko in /Users/timtitarenko/IdeaProjects/Wootitude-Test)
2024-03-04T18:31:41.869+01:00  INFO 6803 --- [           main] c.t.w.impl.Validation7CharPageTest       : No active profile set, falling back to 1 default profile: "default"
2024-03-04T18:31:42.067+01:00  INFO 6803 --- [           main] c.t.w.impl.Validation7CharPageTest       : Started Validation7CharPageTest in 0.315 seconds (process running for 0.729)
2024-03-04T18:31:43.507+01:00  WARN 6803 --- [           main] o.o.selenium.devtools.CdpVersionFinder   : Unable to find an exact match for CDP version 122, returning the closest version; found: 120; Please update to a Selenium version that supports CDP version 122
2024-03-04T18:31:44.438+01:00  INFO 6803 --- [           main] com.test.wootitude_test.base.BaseTest    : Input value: 
Actual: Invalid Value
Expected: Invalid Value
]]></system-out>
  </testcase>
  <testcase name="invalidLength(String)[2]" classname="com.test.wootitude_test.impl.Validation7CharPageTest" time="0.122">
    <failure message="&#10;expected: &quot;Invalid Value&quot;&#10; but was: &quot;Valid Value&quot;" type="org.opentest4j.AssertionFailedError"><![CDATA[org.opentest4j.AssertionFailedError: 

expected: "Invalid Value"
 but was: "Valid Value"
	at java.base/jdk.internal.reflect.DirectConstructorHandleAccessor.newInstance(DirectConstructorHandleAccessor.java:67)
	at java.base/java.lang.reflect.Constructor.newInstanceWithCaller(Constructor.java:499)
	at com.test.wootitude_test.base.BaseTest.StringAssert(BaseTest.java:19)
	at com.test.wootitude_test.impl.Validation7CharPageTest.invalidLength(Validation7CharPageTest.java:65)
	at java.base/java.lang.reflect.Method.invoke(Method.java:577)
	at java.base/java.util.stream.ForEachOps$ForEachOp$OfRef.accept(ForEachOps.java:183)
	at java.base/java.util.stream.ReferencePipeline$3$1.accept(ReferencePipeline.java:197)
	at java.base/java.util.stream.ReferencePipeline$2$1.accept(ReferencePipeline.java:179)
	at java.base/java.util.stream.ReferencePipeline$3$1.accept(ReferencePipeline.java:197)
	at java.base/java.util.stream.ForEachOps$ForEachOp$OfRef.accept(ForEachOps.java:183)
	at java.base/java.util.stream.ReferencePipeline$3$1.accept(ReferencePipeline.java:197)
	at java.base/java.util.stream.ReferencePipeline$3$1.accept(ReferencePipeline.java:197)
	at java.base/java.util.stream.ReferencePipeline$3$1.accept(ReferencePipeline.java:197)
	at java.base/java.util.stream.ForEachOps$ForEachOp$OfRef.accept(ForEachOps.java:183)
	at java.base/java.util.stream.ReferencePipeline$3$1.accept(ReferencePipeline.java:197)
	at java.base/java.util.Spliterators$ArraySpliterator.forEachRemaining(Spliterators.java:992)
	at java.base/java.util.stream.AbstractPipeline.copyInto(AbstractPipeline.java:509)
	at java.base/java.util.stream.AbstractPipeline.wrapAndCopyInto(AbstractPipeline.java:499)
	at java.base/java.util.stream.ForEachOps$ForEachOp.evaluateSequential(ForEachOps.java:150)
	at java.base/java.util.stream.ForEachOps$ForEachOp$OfRef.evaluateSequential(ForEachOps.java:173)
	at java.base/java.util.stream.AbstractPipeline.evaluate(AbstractPipeline.java:234)
	at java.base/java.util.stream.ReferencePipeline.forEach(ReferencePipeline.java:596)
	at java.base/java.util.stream.ReferencePipeline$7$1.accept(ReferencePipeline.java:276)
	at java.base/java.util.stream.ReferencePipeline$3$1.accept(ReferencePipeline.java:197)
	at java.base/java.util.stream.ReferencePipeline$3$1.accept(ReferencePipeline.java:197)
	at java.base/java.util.stream.ReferencePipeline$3$1.accept(ReferencePipeline.java:197)
	at java.base/java.util.ArrayList$ArrayListSpliterator.forEachRemaining(ArrayList.java:1625)
	at java.base/java.util.stream.AbstractPipeline.copyInto(AbstractPipeline.java:509)
	at java.base/java.util.stream.AbstractPipeline.wrapAndCopyInto(AbstractPipeline.java:499)
	at java.base/java.util.stream.ForEachOps$ForEachOp.evaluateSequential(ForEachOps.java:150)
	at java.base/java.util.stream.ForEachOps$ForEachOp$OfRef.evaluateSequential(ForEachOps.java:173)
	at java.base/java.util.stream.AbstractPipeline.evaluate(AbstractPipeline.java:234)
	at java.base/java.util.stream.ReferencePipeline.forEach(ReferencePipeline.java:596)
	at java.base/java.util.stream.ReferencePipeline$7$1.accept(ReferencePipeline.java:276)
	at java.base/java.util.ArrayList$ArrayListSpliterator.forEachRemaining(ArrayList.java:1625)
	at java.base/java.util.stream.AbstractPipeline.copyInto(AbstractPipeline.java:509)
	at java.base/java.util.stream.AbstractPipeline.wrapAndCopyInto(AbstractPipeline.java:499)
	at java.base/java.util.stream.ForEachOps$ForEachOp.evaluateSequential(ForEachOps.java:150)
	at java.base/java.util.stream.ForEachOps$ForEachOp$OfRef.evaluateSequential(ForEachOps.java:173)
	at java.base/java.util.stream.AbstractPipeline.evaluate(AbstractPipeline.java:234)
	at java.base/java.util.stream.ReferencePipeline.forEach(ReferencePipeline.java:596)
	at java.base/java.util.ArrayList.forEach(ArrayList.java:1511)
	at java.base/java.util.ArrayList.forEach(ArrayList.java:1511)
]]></failure>
    <system-out><![CDATA[2024-03-04T18:31:44.582+01:00  INFO 6803 --- [           main] com.test.wootitude_test.base.BaseTest    : Input value: Aa012345
Actual: Valid Value
Expected: Invalid Value
]]></system-out>
  </testcase>
  <testcase name="invalidLength(String)[3]" classname="com.test.wootitude_test.impl.Validation7CharPageTest" time="0.114">
    <system-out><![CDATA[2024-03-04T18:31:44.700+01:00  INFO 6803 --- [           main] com.test.wootitude_test.base.BaseTest    : Input value: b
Actual: Invalid Value
Expected: Invalid Value
]]></system-out>
  </testcase>
  <testcase name="invalidLength(String)[4]" classname="com.test.wootitude_test.impl.Validation7CharPageTest" time="0.087">
    <system-out><![CDATA[2024-03-04T18:31:44.789+01:00  INFO 6803 --- [           main] com.test.wootitude_test.base.BaseTest    : Input value: 
Actual: Invalid Value
Expected: Invalid Value
]]></system-out>
  </testcase>
  <testcase name="testValidInput(String)[1]" classname="com.test.wootitude_test.impl.Validation7CharPageTest" time="0.071">
    <system-out><![CDATA[2024-03-04T18:31:44.861+01:00  INFO 6803 --- [           main] com.test.wootitude_test.base.BaseTest    : Input value: Aa0*123
Actual: Valid Value
Expected: Valid Value
]]></system-out>
  </testcase>
  <testcase name="testValidInput(String)[2]" classname="com.test.wootitude_test.impl.Validation7CharPageTest" time="0.069">
    <system-out><![CDATA[2024-03-04T18:31:44.931+01:00  INFO 6803 --- [           main] com.test.wootitude_test.base.BaseTest    : Input value: BBBBBBB
Actual: Valid Value
Expected: Valid Value
]]></system-out>
  </testcase>
  <testcase name="testValidInput(String)[3]" classname="com.test.wootitude_test.impl.Validation7CharPageTest" time="0.089">
    <system-out><![CDATA[2024-03-04T18:31:45.020+01:00  INFO 6803 --- [           main] com.test.wootitude_test.base.BaseTest    : Input value: 1111111
Actual: Valid Value
Expected: Valid Value
]]></system-out>
  </testcase>
  <testcase name="testValidInput(String)[4]" classname="com.test.wootitude_test.impl.Validation7CharPageTest" time="0.11">
    <system-out><![CDATA[2024-03-04T18:31:45.132+01:00  INFO 6803 --- [           main] com.test.wootitude_test.base.BaseTest    : Input value: qqqqqqq
Actual: Valid Value
Expected: Valid Value
]]></system-out>
  </testcase>
  <testcase name="testValidInput(String)[5]" classname="com.test.wootitude_test.impl.Validation7CharPageTest" time="0.094">
    <system-out><![CDATA[2024-03-04T18:31:45.226+01:00  INFO 6803 --- [           main] com.test.wootitude_test.base.BaseTest    : Input value: *******
Actual: Valid Value
Expected: Valid Value
]]></system-out>
  </testcase>
  <testcase name="invalidProhibitedSymbols(String)[1]" classname="com.test.wootitude_test.impl.Validation7CharPageTest" time="0.114">
    <system-out><![CDATA[2024-03-04T18:31:45.342+01:00  INFO 6803 --- [           main] com.test.wootitude_test.base.BaseTest    : Input value: !
Actual: Invalid Value
Expected: Invalid Value
]]></system-out>
  </testcase>
  <testcase name="invalidProhibitedSymbols(String)[2]" classname="com.test.wootitude_test.impl.Validation7CharPageTest" time="0.074">
    <system-out><![CDATA[2024-03-04T18:31:45.417+01:00  INFO 6803 --- [           main] com.test.wootitude_test.base.BaseTest    : Input value: #
Actual: Invalid Value
Expected: Invalid Value
]]></system-out>
  </testcase>
  <testcase name="invalidProhibitedSymbols(String)[3]" classname="com.test.wootitude_test.impl.Validation7CharPageTest" time="0.074">
    <system-out><![CDATA[2024-03-04T18:31:45.492+01:00  INFO 6803 --- [           main] com.test.wootitude_test.base.BaseTest    : Input value: №
Actual: Invalid Value
Expected: Invalid Value
]]></system-out>
  </testcase>
  <testcase name="invalidProhibitedSymbols(String)[4]" classname="com.test.wootitude_test.impl.Validation7CharPageTest" time="0.082">
    <system-out><![CDATA[2024-03-04T18:31:45.574+01:00  INFO 6803 --- [           main] com.test.wootitude_test.base.BaseTest    : Input value: $
Actual: Invalid Value
Expected: Invalid Value
]]></system-out>
  </testcase>
  <testcase name="invalidProhibitedSymbols(String)[5]" classname="com.test.wootitude_test.impl.Validation7CharPageTest" time="0.087">
    <system-out><![CDATA[2024-03-04T18:31:45.662+01:00  INFO 6803 --- [           main] com.test.wootitude_test.base.BaseTest    : Input value: ;
Actual: Invalid Value
Expected: Invalid Value
]]></system-out>
  </testcase>
  <testcase name="invalidProhibitedSymbols(String)[6]" classname="com.test.wootitude_test.impl.Validation7CharPageTest" time="0.077">
    <system-out><![CDATA[2024-03-04T18:31:45.741+01:00  INFO 6803 --- [           main] com.test.wootitude_test.base.BaseTest    : Input value: %
Actual: Invalid Value
Expected: Invalid Value
]]></system-out>
  </testcase>
  <testcase name="invalidProhibitedSymbols(String)[7]" classname="com.test.wootitude_test.impl.Validation7CharPageTest" time="0.079">
    <failure message="&#10;expected: &quot;Invalid Value&quot;&#10; but was: &quot;Valid Value&quot;" type="org.opentest4j.AssertionFailedError"><![CDATA[org.opentest4j.AssertionFailedError: 

expected: "Invalid Value"
 but was: "Valid Value"
	at java.base/jdk.internal.reflect.DirectConstructorHandleAccessor.newInstance(DirectConstructorHandleAccessor.java:67)
	at java.base/java.lang.reflect.Constructor.newInstanceWithCaller(Constructor.java:499)
	at com.test.wootitude_test.base.BaseTest.StringAssert(BaseTest.java:19)
	at com.test.wootitude_test.impl.Validation7CharPageTest.invalidProhibitedSymbols(Validation7CharPageTest.java:56)
	at java.base/java.lang.reflect.Method.invoke(Method.java:577)
	at java.base/java.util.stream.ForEachOps$ForEachOp$OfRef.accept(ForEachOps.java:183)
	at java.base/java.util.stream.ReferencePipeline$3$1.accept(ReferencePipeline.java:197)
	at java.base/java.util.stream.ReferencePipeline$2$1.accept(ReferencePipeline.java:179)
	at java.base/java.util.stream.ReferencePipeline$3$1.accept(ReferencePipeline.java:197)
	at java.base/java.util.stream.ForEachOps$ForEachOp$OfRef.accept(ForEachOps.java:183)
	at java.base/java.util.stream.ReferencePipeline$3$1.accept(ReferencePipeline.java:197)
	at java.base/java.util.stream.ReferencePipeline$3$1.accept(ReferencePipeline.java:197)
	at java.base/java.util.stream.ReferencePipeline$3$1.accept(ReferencePipeline.java:197)
	at java.base/java.util.stream.ForEachOps$ForEachOp$OfRef.accept(ForEachOps.java:183)
	at java.base/java.util.stream.ReferencePipeline$3$1.accept(ReferencePipeline.java:197)
	at java.base/java.util.stream.ForEachOps$ForEachOp$OfRef.accept(ForEachOps.java:183)
	at java.base/java.util.stream.ReferencePipeline$3$1.accept(ReferencePipeline.java:197)
	at java.base/java.util.Spliterators$ArraySpliterator.forEachRemaining(Spliterators.java:992)
	at java.base/java.util.stream.AbstractPipeline.copyInto(AbstractPipeline.java:509)
	at java.base/java.util.stream.AbstractPipeline.wrapAndCopyInto(AbstractPipeline.java:499)
	at java.base/java.util.stream.ForEachOps$ForEachOp.evaluateSequential(ForEachOps.java:150)
	at java.base/java.util.stream.ForEachOps$ForEachOp$OfRef.evaluateSequential(ForEachOps.java:173)
	at java.base/java.util.stream.AbstractPipeline.evaluate(AbstractPipeline.java:234)
	at java.base/java.util.stream.ReferencePipeline.forEach(ReferencePipeline.java:596)
	at java.base/java.util.stream.ReferencePipeline$7$1.accept(ReferencePipeline.java:276)
	at java.base/java.util.stream.ReferencePipeline$3$1.accept(ReferencePipeline.java:197)
	at java.base/java.util.stream.ReferencePipeline$3$1.accept(ReferencePipeline.java:197)
	at java.base/java.util.stream.ReferencePipeline$3$1.accept(ReferencePipeline.java:197)
	at java.base/java.util.Spliterators$ArraySpliterator.forEachRemaining(Spliterators.java:992)
	at java.base/java.util.stream.AbstractPipeline.copyInto(AbstractPipeline.java:509)
	at java.base/java.util.stream.AbstractPipeline.wrapAndCopyInto(AbstractPipeline.java:499)
	at java.base/java.util.stream.ForEachOps$ForEachOp.evaluateSequential(ForEachOps.java:150)
	at java.base/java.util.stream.ForEachOps$ForEachOp$OfRef.evaluateSequential(ForEachOps.java:173)
	at java.base/java.util.stream.AbstractPipeline.evaluate(AbstractPipeline.java:234)
	at java.base/java.util.stream.ReferencePipeline.forEach(ReferencePipeline.java:596)
	at java.base/java.util.stream.ReferencePipeline$7$1.accept(ReferencePipeline.java:276)
	at java.base/java.util.stream.ReferencePipeline$3$1.accept(ReferencePipeline.java:197)
	at java.base/java.util.stream.ReferencePipeline$3$1.accept(ReferencePipeline.java:197)
	at java.base/java.util.stream.ReferencePipeline$3$1.accept(ReferencePipeline.java:197)
	at java.base/java.util.ArrayList$ArrayListSpliterator.forEachRemaining(ArrayList.java:1625)
	at java.base/java.util.stream.AbstractPipeline.copyInto(AbstractPipeline.java:509)
	at java.base/java.util.stream.AbstractPipeline.wrapAndCopyInto(AbstractPipeline.java:499)
	at java.base/java.util.stream.ForEachOps$ForEachOp.evaluateSequential(ForEachOps.java:150)
	at java.base/java.util.stream.ForEachOps$ForEachOp$OfRef.evaluateSequential(ForEachOps.java:173)
	at java.base/java.util.stream.AbstractPipeline.evaluate(AbstractPipeline.java:234)
	at java.base/java.util.stream.ReferencePipeline.forEach(ReferencePipeline.java:596)
	at java.base/java.util.stream.ReferencePipeline$7$1.accept(ReferencePipeline.java:276)
	at java.base/java.util.ArrayList$ArrayListSpliterator.forEachRemaining(ArrayList.java:1625)
	at java.base/java.util.stream.AbstractPipeline.copyInto(AbstractPipeline.java:509)
	at java.base/java.util.stream.AbstractPipeline.wrapAndCopyInto(AbstractPipeline.java:499)
	at java.base/java.util.stream.ForEachOps$ForEachOp.evaluateSequential(ForEachOps.java:150)
	at java.base/java.util.stream.ForEachOps$ForEachOp$OfRef.evaluateSequential(ForEachOps.java:173)
	at java.base/java.util.stream.AbstractPipeline.evaluate(AbstractPipeline.java:234)
	at java.base/java.util.stream.ReferencePipeline.forEach(ReferencePipeline.java:596)
	at java.base/java.util.ArrayList.forEach(ArrayList.java:1511)
	at java.base/java.util.ArrayList.forEach(ArrayList.java:1511)
]]></failure>
    <system-out><![CDATA[2024-03-04T18:31:45.820+01:00  INFO 6803 --- [           main] com.test.wootitude_test.base.BaseTest    : Input value: :
Actual: Valid Value
Expected: Invalid Value
]]></system-out>
  </testcase>
  <testcase name="invalidProhibitedSymbols(String)[8]" classname="com.test.wootitude_test.impl.Validation7CharPageTest" time="0.09">
    <failure message="&#10;expected: &quot;Invalid Value&quot;&#10; but was: &quot;Valid Value&quot;" type="org.opentest4j.AssertionFailedError"><![CDATA[org.opentest4j.AssertionFailedError: 

expected: "Invalid Value"
 but was: "Valid Value"
	at java.base/jdk.internal.reflect.DirectConstructorHandleAccessor.newInstance(DirectConstructorHandleAccessor.java:67)
	at java.base/java.lang.reflect.Constructor.newInstanceWithCaller(Constructor.java:499)
	at com.test.wootitude_test.base.BaseTest.StringAssert(BaseTest.java:19)
	at com.test.wootitude_test.impl.Validation7CharPageTest.invalidProhibitedSymbols(Validation7CharPageTest.java:56)
	at java.base/java.lang.reflect.Method.invoke(Method.java:577)
	at java.base/java.util.stream.ForEachOps$ForEachOp$OfRef.accept(ForEachOps.java:183)
	at java.base/java.util.stream.ReferencePipeline$3$1.accept(ReferencePipeline.java:197)
	at java.base/java.util.stream.ReferencePipeline$2$1.accept(ReferencePipeline.java:179)
	at java.base/java.util.stream.ReferencePipeline$3$1.accept(ReferencePipeline.java:197)
	at java.base/java.util.stream.ForEachOps$ForEachOp$OfRef.accept(ForEachOps.java:183)
	at java.base/java.util.stream.ReferencePipeline$3$1.accept(ReferencePipeline.java:197)
	at java.base/java.util.stream.ReferencePipeline$3$1.accept(ReferencePipeline.java:197)
	at java.base/java.util.stream.ReferencePipeline$3$1.accept(ReferencePipeline.java:197)
	at java.base/java.util.stream.ForEachOps$ForEachOp$OfRef.accept(ForEachOps.java:183)
	at java.base/java.util.stream.ReferencePipeline$3$1.accept(ReferencePipeline.java:197)
	at java.base/java.util.stream.ForEachOps$ForEachOp$OfRef.accept(ForEachOps.java:183)
	at java.base/java.util.stream.ReferencePipeline$3$1.accept(ReferencePipeline.java:197)
	at java.base/java.util.Spliterators$ArraySpliterator.forEachRemaining(Spliterators.java:992)
	at java.base/java.util.stream.AbstractPipeline.copyInto(AbstractPipeline.java:509)
	at java.base/java.util.stream.AbstractPipeline.wrapAndCopyInto(AbstractPipeline.java:499)
	at java.base/java.util.stream.ForEachOps$ForEachOp.evaluateSequential(ForEachOps.java:150)
	at java.base/java.util.stream.ForEachOps$ForEachOp$OfRef.evaluateSequential(ForEachOps.java:173)
	at java.base/java.util.stream.AbstractPipeline.evaluate(AbstractPipeline.java:234)
	at java.base/java.util.stream.ReferencePipeline.forEach(ReferencePipeline.java:596)
	at java.base/java.util.stream.ReferencePipeline$7$1.accept(ReferencePipeline.java:276)
	at java.base/java.util.stream.ReferencePipeline$3$1.accept(ReferencePipeline.java:197)
	at java.base/java.util.stream.ReferencePipeline$3$1.accept(ReferencePipeline.java:197)
	at java.base/java.util.stream.ReferencePipeline$3$1.accept(ReferencePipeline.java:197)
	at java.base/java.util.Spliterators$ArraySpliterator.forEachRemaining(Spliterators.java:992)
	at java.base/java.util.stream.AbstractPipeline.copyInto(AbstractPipeline.java:509)
	at java.base/java.util.stream.AbstractPipeline.wrapAndCopyInto(AbstractPipeline.java:499)
	at java.base/java.util.stream.ForEachOps$ForEachOp.evaluateSequential(ForEachOps.java:150)
	at java.base/java.util.stream.ForEachOps$ForEachOp$OfRef.evaluateSequential(ForEachOps.java:173)
	at java.base/java.util.stream.AbstractPipeline.evaluate(AbstractPipeline.java:234)
	at java.base/java.util.stream.ReferencePipeline.forEach(ReferencePipeline.java:596)
	at java.base/java.util.stream.ReferencePipeline$7$1.accept(ReferencePipeline.java:276)
	at java.base/java.util.stream.ReferencePipeline$3$1.accept(ReferencePipeline.java:197)
	at java.base/java.util.stream.ReferencePipeline$3$1.accept(ReferencePipeline.java:197)
	at java.base/java.util.stream.ReferencePipeline$3$1.accept(ReferencePipeline.java:197)
	at java.base/java.util.ArrayList$ArrayListSpliterator.forEachRemaining(ArrayList.java:1625)
	at java.base/java.util.stream.AbstractPipeline.copyInto(AbstractPipeline.java:509)
	at java.base/java.util.stream.AbstractPipeline.wrapAndCopyInto(AbstractPipeline.java:499)
	at java.base/java.util.stream.ForEachOps$ForEachOp.evaluateSequential(ForEachOps.java:150)
	at java.base/java.util.stream.ForEachOps$ForEachOp$OfRef.evaluateSequential(ForEachOps.java:173)
	at java.base/java.util.stream.AbstractPipeline.evaluate(AbstractPipeline.java:234)
	at java.base/java.util.stream.ReferencePipeline.forEach(ReferencePipeline.java:596)
	at java.base/java.util.stream.ReferencePipeline$7$1.accept(ReferencePipeline.java:276)
	at java.base/java.util.ArrayList$ArrayListSpliterator.forEachRemaining(ArrayList.java:1625)
	at java.base/java.util.stream.AbstractPipeline.copyInto(AbstractPipeline.java:509)
	at java.base/java.util.stream.AbstractPipeline.wrapAndCopyInto(AbstractPipeline.java:499)
	at java.base/java.util.stream.ForEachOps$ForEachOp.evaluateSequential(ForEachOps.java:150)
	at java.base/java.util.stream.ForEachOps$ForEachOp$OfRef.evaluateSequential(ForEachOps.java:173)
	at java.base/java.util.stream.AbstractPipeline.evaluate(AbstractPipeline.java:234)
	at java.base/java.util.stream.ReferencePipeline.forEach(ReferencePipeline.java:596)
	at java.base/java.util.ArrayList.forEach(ArrayList.java:1511)
	at java.base/java.util.ArrayList.forEach(ArrayList.java:1511)
]]></failure>
    <system-out><![CDATA[2024-03-04T18:31:45.911+01:00  INFO 6803 --- [           main] com.test.wootitude_test.base.BaseTest    : Input value: ^
Actual: Valid Value
Expected: Invalid Value
]]></system-out>
  </testcase>
  <testcase name="invalidProhibitedSymbols(String)[9]" classname="com.test.wootitude_test.impl.Validation7CharPageTest" time="0.098">
    <system-out><![CDATA[2024-03-04T18:31:46.010+01:00  INFO 6803 --- [           main] com.test.wootitude_test.base.BaseTest    : Input value: ?
Actual: Invalid Value
Expected: Invalid Value
]]></system-out>
  </testcase>
  <testcase name="invalidProhibitedSymbols(String)[10]" classname="com.test.wootitude_test.impl.Validation7CharPageTest" time="0.1">
    <system-out><![CDATA[2024-03-04T18:31:46.110+01:00  INFO 6803 --- [           main] com.test.wootitude_test.base.BaseTest    : Input value: &
Actual: Invalid Value
Expected: Invalid Value
]]></system-out>
  </testcase>
  <testcase name="invalidProhibitedSymbols(String)[11]" classname="com.test.wootitude_test.impl.Validation7CharPageTest" time="0.088">
    <failure message="&#10;expected: &quot;Invalid Value&quot;&#10; but was: &quot;Valid Value&quot;" type="org.opentest4j.AssertionFailedError"><![CDATA[org.opentest4j.AssertionFailedError: 

expected: "Invalid Value"
 but was: "Valid Value"
	at java.base/jdk.internal.reflect.DirectConstructorHandleAccessor.newInstance(DirectConstructorHandleAccessor.java:67)
	at java.base/java.lang.reflect.Constructor.newInstanceWithCaller(Constructor.java:499)
	at com.test.wootitude_test.base.BaseTest.StringAssert(BaseTest.java:19)
	at com.test.wootitude_test.impl.Validation7CharPageTest.invalidProhibitedSymbols(Validation7CharPageTest.java:56)
	at java.base/java.lang.reflect.Method.invoke(Method.java:577)
	at java.base/java.util.stream.ForEachOps$ForEachOp$OfRef.accept(ForEachOps.java:183)
	at java.base/java.util.stream.ReferencePipeline$3$1.accept(ReferencePipeline.java:197)
	at java.base/java.util.stream.ReferencePipeline$2$1.accept(ReferencePipeline.java:179)
	at java.base/java.util.stream.ReferencePipeline$3$1.accept(ReferencePipeline.java:197)
	at java.base/java.util.stream.ForEachOps$ForEachOp$OfRef.accept(ForEachOps.java:183)
	at java.base/java.util.stream.ReferencePipeline$3$1.accept(ReferencePipeline.java:197)
	at java.base/java.util.stream.ReferencePipeline$3$1.accept(ReferencePipeline.java:197)
	at java.base/java.util.stream.ReferencePipeline$3$1.accept(ReferencePipeline.java:197)
	at java.base/java.util.stream.ForEachOps$ForEachOp$OfRef.accept(ForEachOps.java:183)
	at java.base/java.util.stream.ReferencePipeline$3$1.accept(ReferencePipeline.java:197)
	at java.base/java.util.stream.ForEachOps$ForEachOp$OfRef.accept(ForEachOps.java:183)
	at java.base/java.util.stream.ReferencePipeline$3$1.accept(ReferencePipeline.java:197)
	at java.base/java.util.Spliterators$ArraySpliterator.forEachRemaining(Spliterators.java:992)
	at java.base/java.util.stream.AbstractPipeline.copyInto(AbstractPipeline.java:509)
	at java.base/java.util.stream.AbstractPipeline.wrapAndCopyInto(AbstractPipeline.java:499)
	at java.base/java.util.stream.ForEachOps$ForEachOp.evaluateSequential(ForEachOps.java:150)
	at java.base/java.util.stream.ForEachOps$ForEachOp$OfRef.evaluateSequential(ForEachOps.java:173)
	at java.base/java.util.stream.AbstractPipeline.evaluate(AbstractPipeline.java:234)
	at java.base/java.util.stream.ReferencePipeline.forEach(ReferencePipeline.java:596)
	at java.base/java.util.stream.ReferencePipeline$7$1.accept(ReferencePipeline.java:276)
	at java.base/java.util.stream.ReferencePipeline$3$1.accept(ReferencePipeline.java:197)
	at java.base/java.util.stream.ReferencePipeline$3$1.accept(ReferencePipeline.java:197)
	at java.base/java.util.stream.ReferencePipeline$3$1.accept(ReferencePipeline.java:197)
	at java.base/java.util.Spliterators$ArraySpliterator.forEachRemaining(Spliterators.java:992)
	at java.base/java.util.stream.AbstractPipeline.copyInto(AbstractPipeline.java:509)
	at java.base/java.util.stream.AbstractPipeline.wrapAndCopyInto(AbstractPipeline.java:499)
	at java.base/java.util.stream.ForEachOps$ForEachOp.evaluateSequential(ForEachOps.java:150)
	at java.base/java.util.stream.ForEachOps$ForEachOp$OfRef.evaluateSequential(ForEachOps.java:173)
	at java.base/java.util.stream.AbstractPipeline.evaluate(AbstractPipeline.java:234)
	at java.base/java.util.stream.ReferencePipeline.forEach(ReferencePipeline.java:596)
	at java.base/java.util.stream.ReferencePipeline$7$1.accept(ReferencePipeline.java:276)
	at java.base/java.util.stream.ReferencePipeline$3$1.accept(ReferencePipeline.java:197)
	at java.base/java.util.stream.ReferencePipeline$3$1.accept(ReferencePipeline.java:197)
	at java.base/java.util.stream.ReferencePipeline$3$1.accept(ReferencePipeline.java:197)
	at java.base/java.util.ArrayList$ArrayListSpliterator.forEachRemaining(ArrayList.java:1625)
	at java.base/java.util.stream.AbstractPipeline.copyInto(AbstractPipeline.java:509)
	at java.base/java.util.stream.AbstractPipeline.wrapAndCopyInto(AbstractPipeline.java:499)
	at java.base/java.util.stream.ForEachOps$ForEachOp.evaluateSequential(ForEachOps.java:150)
	at java.base/java.util.stream.ForEachOps$ForEachOp$OfRef.evaluateSequential(ForEachOps.java:173)
	at java.base/java.util.stream.AbstractPipeline.evaluate(AbstractPipeline.java:234)
	at java.base/java.util.stream.ReferencePipeline.forEach(ReferencePipeline.java:596)
	at java.base/java.util.stream.ReferencePipeline$7$1.accept(ReferencePipeline.java:276)
	at java.base/java.util.ArrayList$ArrayListSpliterator.forEachRemaining(ArrayList.java:1625)
	at java.base/java.util.stream.AbstractPipeline.copyInto(AbstractPipeline.java:509)
	at java.base/java.util.stream.AbstractPipeline.wrapAndCopyInto(AbstractPipeline.java:499)
	at java.base/java.util.stream.ForEachOps$ForEachOp.evaluateSequential(ForEachOps.java:150)
	at java.base/java.util.stream.ForEachOps$ForEachOp$OfRef.evaluateSequential(ForEachOps.java:173)
	at java.base/java.util.stream.AbstractPipeline.evaluate(AbstractPipeline.java:234)
	at java.base/java.util.stream.ReferencePipeline.forEach(ReferencePipeline.java:596)
	at java.base/java.util.ArrayList.forEach(ArrayList.java:1511)
	at java.base/java.util.ArrayList.forEach(ArrayList.java:1511)
]]></failure>
    <system-out><![CDATA[2024-03-04T18:31:46.198+01:00  INFO 6803 --- [           main] com.test.wootitude_test.base.BaseTest    : Input value: *
Actual: Valid Value
Expected: Invalid Value
]]></system-out>
  </testcase>
  <testcase name="invalidProhibitedSymbols(String)[12]" classname="com.test.wootitude_test.impl.Validation7CharPageTest" time="0.079">
    <system-out><![CDATA[2024-03-04T18:31:46.278+01:00  INFO 6803 --- [           main] com.test.wootitude_test.base.BaseTest    : Input value: (
Actual: Invalid Value
Expected: Invalid Value
]]></system-out>
  </testcase>
  <testcase name="invalidProhibitedSymbols(String)[13]" classname="com.test.wootitude_test.impl.Validation7CharPageTest" time="0.064">
    <system-out><![CDATA[2024-03-04T18:31:46.342+01:00  INFO 6803 --- [           main] com.test.wootitude_test.base.BaseTest    : Input value: )
Actual: Invalid Value
Expected: Invalid Value
]]></system-out>
  </testcase>
  <testcase name="invalidProhibitedSymbols(String)[14]" classname="com.test.wootitude_test.impl.Validation7CharPageTest" time="0.065">
    <system-out><![CDATA[2024-03-04T18:31:46.407+01:00  INFO 6803 --- [           main] com.test.wootitude_test.base.BaseTest    : Input value: +
Actual: Invalid Value
Expected: Invalid Value
]]></system-out>
  </testcase>
  <testcase name="invalidProhibitedSymbols(String)[15]" classname="com.test.wootitude_test.impl.Validation7CharPageTest" time="0.063">
    <system-out><![CDATA[2024-03-04T18:31:46.470+01:00  INFO 6803 --- [           main] com.test.wootitude_test.base.BaseTest    : Input value: =
Actual: Invalid Value
Expected: Invalid Value
]]></system-out>
  </testcase>
  <testcase name="invalidProhibitedSymbols(String)[16]" classname="com.test.wootitude_test.impl.Validation7CharPageTest" time="0.065">
    <system-out><![CDATA[2024-03-04T18:31:46.535+01:00  INFO 6803 --- [           main] com.test.wootitude_test.base.BaseTest    : Input value: {
Actual: Invalid Value
Expected: Invalid Value
]]></system-out>
  </testcase>
  <testcase name="invalidProhibitedSymbols(String)[17]" classname="com.test.wootitude_test.impl.Validation7CharPageTest" time="0.064">
    <system-out><![CDATA[2024-03-04T18:31:46.599+01:00  INFO 6803 --- [           main] com.test.wootitude_test.base.BaseTest    : Input value: }
Actual: Invalid Value
Expected: Invalid Value
]]></system-out>
  </testcase>
  <testcase name="invalidProhibitedSymbols(String)[18]" classname="com.test.wootitude_test.impl.Validation7CharPageTest" time="0.068">
    <failure message="&#10;expected: &quot;Invalid Value&quot;&#10; but was: &quot;Valid Value&quot;" type="org.opentest4j.AssertionFailedError"><![CDATA[org.opentest4j.AssertionFailedError: 

expected: "Invalid Value"
 but was: "Valid Value"
	at java.base/jdk.internal.reflect.DirectConstructorHandleAccessor.newInstance(DirectConstructorHandleAccessor.java:67)
	at java.base/java.lang.reflect.Constructor.newInstanceWithCaller(Constructor.java:499)
	at com.test.wootitude_test.base.BaseTest.StringAssert(BaseTest.java:19)
	at com.test.wootitude_test.impl.Validation7CharPageTest.invalidProhibitedSymbols(Validation7CharPageTest.java:56)
	at java.base/java.lang.reflect.Method.invoke(Method.java:577)
	at java.base/java.util.stream.ForEachOps$ForEachOp$OfRef.accept(ForEachOps.java:183)
	at java.base/java.util.stream.ReferencePipeline$3$1.accept(ReferencePipeline.java:197)
	at java.base/java.util.stream.ReferencePipeline$2$1.accept(ReferencePipeline.java:179)
	at java.base/java.util.stream.ReferencePipeline$3$1.accept(ReferencePipeline.java:197)
	at java.base/java.util.stream.ForEachOps$ForEachOp$OfRef.accept(ForEachOps.java:183)
	at java.base/java.util.stream.ReferencePipeline$3$1.accept(ReferencePipeline.java:197)
	at java.base/java.util.stream.ReferencePipeline$3$1.accept(ReferencePipeline.java:197)
	at java.base/java.util.stream.ReferencePipeline$3$1.accept(ReferencePipeline.java:197)
	at java.base/java.util.stream.ForEachOps$ForEachOp$OfRef.accept(ForEachOps.java:183)
	at java.base/java.util.stream.ReferencePipeline$3$1.accept(ReferencePipeline.java:197)
	at java.base/java.util.stream.ForEachOps$ForEachOp$OfRef.accept(ForEachOps.java:183)
	at java.base/java.util.stream.ReferencePipeline$3$1.accept(ReferencePipeline.java:197)
	at java.base/java.util.Spliterators$ArraySpliterator.forEachRemaining(Spliterators.java:992)
	at java.base/java.util.stream.AbstractPipeline.copyInto(AbstractPipeline.java:509)
	at java.base/java.util.stream.AbstractPipeline.wrapAndCopyInto(AbstractPipeline.java:499)
	at java.base/java.util.stream.ForEachOps$ForEachOp.evaluateSequential(ForEachOps.java:150)
	at java.base/java.util.stream.ForEachOps$ForEachOp$OfRef.evaluateSequential(ForEachOps.java:173)
	at java.base/java.util.stream.AbstractPipeline.evaluate(AbstractPipeline.java:234)
	at java.base/java.util.stream.ReferencePipeline.forEach(ReferencePipeline.java:596)
	at java.base/java.util.stream.ReferencePipeline$7$1.accept(ReferencePipeline.java:276)
	at java.base/java.util.stream.ReferencePipeline$3$1.accept(ReferencePipeline.java:197)
	at java.base/java.util.stream.ReferencePipeline$3$1.accept(ReferencePipeline.java:197)
	at java.base/java.util.stream.ReferencePipeline$3$1.accept(ReferencePipeline.java:197)
	at java.base/java.util.Spliterators$ArraySpliterator.forEachRemaining(Spliterators.java:992)
	at java.base/java.util.stream.AbstractPipeline.copyInto(AbstractPipeline.java:509)
	at java.base/java.util.stream.AbstractPipeline.wrapAndCopyInto(AbstractPipeline.java:499)
	at java.base/java.util.stream.ForEachOps$ForEachOp.evaluateSequential(ForEachOps.java:150)
	at java.base/java.util.stream.ForEachOps$ForEachOp$OfRef.evaluateSequential(ForEachOps.java:173)
	at java.base/java.util.stream.AbstractPipeline.evaluate(AbstractPipeline.java:234)
	at java.base/java.util.stream.ReferencePipeline.forEach(ReferencePipeline.java:596)
	at java.base/java.util.stream.ReferencePipeline$7$1.accept(ReferencePipeline.java:276)
	at java.base/java.util.stream.ReferencePipeline$3$1.accept(ReferencePipeline.java:197)
	at java.base/java.util.stream.ReferencePipeline$3$1.accept(ReferencePipeline.java:197)
	at java.base/java.util.stream.ReferencePipeline$3$1.accept(ReferencePipeline.java:197)
	at java.base/java.util.ArrayList$ArrayListSpliterator.forEachRemaining(ArrayList.java:1625)
	at java.base/java.util.stream.AbstractPipeline.copyInto(AbstractPipeline.java:509)
	at java.base/java.util.stream.AbstractPipeline.wrapAndCopyInto(AbstractPipeline.java:499)
	at java.base/java.util.stream.ForEachOps$ForEachOp.evaluateSequential(ForEachOps.java:150)
	at java.base/java.util.stream.ForEachOps$ForEachOp$OfRef.evaluateSequential(ForEachOps.java:173)
	at java.base/java.util.stream.AbstractPipeline.evaluate(AbstractPipeline.java:234)
	at java.base/java.util.stream.ReferencePipeline.forEach(ReferencePipeline.java:596)
	at java.base/java.util.stream.ReferencePipeline$7$1.accept(ReferencePipeline.java:276)
	at java.base/java.util.ArrayList$ArrayListSpliterator.forEachRemaining(ArrayList.java:1625)
	at java.base/java.util.stream.AbstractPipeline.copyInto(AbstractPipeline.java:509)
	at java.base/java.util.stream.AbstractPipeline.wrapAndCopyInto(AbstractPipeline.java:499)
	at java.base/java.util.stream.ForEachOps$ForEachOp.evaluateSequential(ForEachOps.java:150)
	at java.base/java.util.stream.ForEachOps$ForEachOp$OfRef.evaluateSequential(ForEachOps.java:173)
	at java.base/java.util.stream.AbstractPipeline.evaluate(AbstractPipeline.java:234)
	at java.base/java.util.stream.ReferencePipeline.forEach(ReferencePipeline.java:596)
	at java.base/java.util.ArrayList.forEach(ArrayList.java:1511)
	at java.base/java.util.ArrayList.forEach(ArrayList.java:1511)
]]></failure>
    <system-out><![CDATA[2024-03-04T18:31:46.668+01:00  INFO 6803 --- [           main] com.test.wootitude_test.base.BaseTest    : Input value: [
Actual: Valid Value
Expected: Invalid Value
]]></system-out>
  </testcase>
  <testcase name="invalidProhibitedSymbols(String)[19]" classname="com.test.wootitude_test.impl.Validation7CharPageTest" time="0.096">
    <failure message="&#10;expected: &quot;Invalid Value&quot;&#10; but was: &quot;Valid Value&quot;" type="org.opentest4j.AssertionFailedError"><![CDATA[org.opentest4j.AssertionFailedError: 

expected: "Invalid Value"
 but was: "Valid Value"
	at java.base/jdk.internal.reflect.DirectConstructorHandleAccessor.newInstance(DirectConstructorHandleAccessor.java:67)
	at java.base/java.lang.reflect.Constructor.newInstanceWithCaller(Constructor.java:499)
	at com.test.wootitude_test.base.BaseTest.StringAssert(BaseTest.java:19)
	at com.test.wootitude_test.impl.Validation7CharPageTest.invalidProhibitedSymbols(Validation7CharPageTest.java:56)
	at java.base/java.lang.reflect.Method.invoke(Method.java:577)
	at java.base/java.util.stream.ForEachOps$ForEachOp$OfRef.accept(ForEachOps.java:183)
	at java.base/java.util.stream.ReferencePipeline$3$1.accept(ReferencePipeline.java:197)
	at java.base/java.util.stream.ReferencePipeline$2$1.accept(ReferencePipeline.java:179)
	at java.base/java.util.stream.ReferencePipeline$3$1.accept(ReferencePipeline.java:197)
	at java.base/java.util.stream.ForEachOps$ForEachOp$OfRef.accept(ForEachOps.java:183)
	at java.base/java.util.stream.ReferencePipeline$3$1.accept(ReferencePipeline.java:197)
	at java.base/java.util.stream.ReferencePipeline$3$1.accept(ReferencePipeline.java:197)
	at java.base/java.util.stream.ReferencePipeline$3$1.accept(ReferencePipeline.java:197)
	at java.base/java.util.stream.ForEachOps$ForEachOp$OfRef.accept(ForEachOps.java:183)
	at java.base/java.util.stream.ReferencePipeline$3$1.accept(ReferencePipeline.java:197)
	at java.base/java.util.stream.ForEachOps$ForEachOp$OfRef.accept(ForEachOps.java:183)
	at java.base/java.util.stream.ReferencePipeline$3$1.accept(ReferencePipeline.java:197)
	at java.base/java.util.Spliterators$ArraySpliterator.forEachRemaining(Spliterators.java:992)
	at java.base/java.util.stream.AbstractPipeline.copyInto(AbstractPipeline.java:509)
	at java.base/java.util.stream.AbstractPipeline.wrapAndCopyInto(AbstractPipeline.java:499)
	at java.base/java.util.stream.ForEachOps$ForEachOp.evaluateSequential(ForEachOps.java:150)
	at java.base/java.util.stream.ForEachOps$ForEachOp$OfRef.evaluateSequential(ForEachOps.java:173)
	at java.base/java.util.stream.AbstractPipeline.evaluate(AbstractPipeline.java:234)
	at java.base/java.util.stream.ReferencePipeline.forEach(ReferencePipeline.java:596)
	at java.base/java.util.stream.ReferencePipeline$7$1.accept(ReferencePipeline.java:276)
	at java.base/java.util.stream.ReferencePipeline$3$1.accept(ReferencePipeline.java:197)
	at java.base/java.util.stream.ReferencePipeline$3$1.accept(ReferencePipeline.java:197)
	at java.base/java.util.stream.ReferencePipeline$3$1.accept(ReferencePipeline.java:197)
	at java.base/java.util.Spliterators$ArraySpliterator.forEachRemaining(Spliterators.java:992)
	at java.base/java.util.stream.AbstractPipeline.copyInto(AbstractPipeline.java:509)
	at java.base/java.util.stream.AbstractPipeline.wrapAndCopyInto(AbstractPipeline.java:499)
	at java.base/java.util.stream.ForEachOps$ForEachOp.evaluateSequential(ForEachOps.java:150)
	at java.base/java.util.stream.ForEachOps$ForEachOp$OfRef.evaluateSequential(ForEachOps.java:173)
	at java.base/java.util.stream.AbstractPipeline.evaluate(AbstractPipeline.java:234)
	at java.base/java.util.stream.ReferencePipeline.forEach(ReferencePipeline.java:596)
	at java.base/java.util.stream.ReferencePipeline$7$1.accept(ReferencePipeline.java:276)
	at java.base/java.util.stream.ReferencePipeline$3$1.accept(ReferencePipeline.java:197)
	at java.base/java.util.stream.ReferencePipeline$3$1.accept(ReferencePipeline.java:197)
	at java.base/java.util.stream.ReferencePipeline$3$1.accept(ReferencePipeline.java:197)
	at java.base/java.util.ArrayList$ArrayListSpliterator.forEachRemaining(ArrayList.java:1625)
	at java.base/java.util.stream.AbstractPipeline.copyInto(AbstractPipeline.java:509)
	at java.base/java.util.stream.AbstractPipeline.wrapAndCopyInto(AbstractPipeline.java:499)
	at java.base/java.util.stream.ForEachOps$ForEachOp.evaluateSequential(ForEachOps.java:150)
	at java.base/java.util.stream.ForEachOps$ForEachOp$OfRef.evaluateSequential(ForEachOps.java:173)
	at java.base/java.util.stream.AbstractPipeline.evaluate(AbstractPipeline.java:234)
	at java.base/java.util.stream.ReferencePipeline.forEach(ReferencePipeline.java:596)
	at java.base/java.util.stream.ReferencePipeline$7$1.accept(ReferencePipeline.java:276)
	at java.base/java.util.ArrayList$ArrayListSpliterator.forEachRemaining(ArrayList.java:1625)
	at java.base/java.util.stream.AbstractPipeline.copyInto(AbstractPipeline.java:509)
	at java.base/java.util.stream.AbstractPipeline.wrapAndCopyInto(AbstractPipeline.java:499)
	at java.base/java.util.stream.ForEachOps$ForEachOp.evaluateSequential(ForEachOps.java:150)
	at java.base/java.util.stream.ForEachOps$ForEachOp$OfRef.evaluateSequential(ForEachOps.java:173)
	at java.base/java.util.stream.AbstractPipeline.evaluate(AbstractPipeline.java:234)
	at java.base/java.util.stream.ReferencePipeline.forEach(ReferencePipeline.java:596)
	at java.base/java.util.ArrayList.forEach(ArrayList.java:1511)
	at java.base/java.util.ArrayList.forEach(ArrayList.java:1511)
]]></failure>
    <system-out><![CDATA[2024-03-04T18:31:46.765+01:00  INFO 6803 --- [           main] com.test.wootitude_test.base.BaseTest    : Input value: ]
Actual: Valid Value
Expected: Invalid Value
]]></system-out>
  </testcase>
  <testcase name="invalidProhibitedSymbols(String)[20]" classname="com.test.wootitude_test.impl.Validation7CharPageTest" time="0.092">
    <system-out><![CDATA[2024-03-04T18:31:46.859+01:00  INFO 6803 --- [           main] com.test.wootitude_test.base.BaseTest    : Input value: ~
Actual: Invalid Value
Expected: Invalid Value
]]></system-out>
  </testcase>
  <testcase name="invalidProhibitedSymbols(String)[21]" classname="com.test.wootitude_test.impl.Validation7CharPageTest" time="0.076">
    <system-out><![CDATA[2024-03-04T18:31:46.935+01:00  INFO 6803 --- [           main] com.test.wootitude_test.base.BaseTest    : Input value: `
Actual: Invalid Value
Expected: Invalid Value
]]></system-out>
  </testcase>
  <testcase name="invalidProhibitedSymbols(String)[22]" classname="com.test.wootitude_test.impl.Validation7CharPageTest" time="0.07">
    <failure message="&#10;expected: &quot;Invalid Value&quot;&#10; but was: &quot;Valid Value&quot;" type="org.opentest4j.AssertionFailedError"><![CDATA[org.opentest4j.AssertionFailedError: 

expected: "Invalid Value"
 but was: "Valid Value"
	at java.base/jdk.internal.reflect.DirectConstructorHandleAccessor.newInstance(DirectConstructorHandleAccessor.java:67)
	at java.base/java.lang.reflect.Constructor.newInstanceWithCaller(Constructor.java:499)
	at com.test.wootitude_test.base.BaseTest.StringAssert(BaseTest.java:19)
	at com.test.wootitude_test.impl.Validation7CharPageTest.invalidProhibitedSymbols(Validation7CharPageTest.java:56)
	at java.base/java.lang.reflect.Method.invoke(Method.java:577)
	at java.base/java.util.stream.ForEachOps$ForEachOp$OfRef.accept(ForEachOps.java:183)
	at java.base/java.util.stream.ReferencePipeline$3$1.accept(ReferencePipeline.java:197)
	at java.base/java.util.stream.ReferencePipeline$2$1.accept(ReferencePipeline.java:179)
	at java.base/java.util.stream.ReferencePipeline$3$1.accept(ReferencePipeline.java:197)
	at java.base/java.util.stream.ForEachOps$ForEachOp$OfRef.accept(ForEachOps.java:183)
	at java.base/java.util.stream.ReferencePipeline$3$1.accept(ReferencePipeline.java:197)
	at java.base/java.util.stream.ReferencePipeline$3$1.accept(ReferencePipeline.java:197)
	at java.base/java.util.stream.ReferencePipeline$3$1.accept(ReferencePipeline.java:197)
	at java.base/java.util.stream.ForEachOps$ForEachOp$OfRef.accept(ForEachOps.java:183)
	at java.base/java.util.stream.ReferencePipeline$3$1.accept(ReferencePipeline.java:197)
	at java.base/java.util.stream.ForEachOps$ForEachOp$OfRef.accept(ForEachOps.java:183)
	at java.base/java.util.stream.ReferencePipeline$3$1.accept(ReferencePipeline.java:197)
	at java.base/java.util.Spliterators$ArraySpliterator.forEachRemaining(Spliterators.java:992)
	at java.base/java.util.stream.AbstractPipeline.copyInto(AbstractPipeline.java:509)
	at java.base/java.util.stream.AbstractPipeline.wrapAndCopyInto(AbstractPipeline.java:499)
	at java.base/java.util.stream.ForEachOps$ForEachOp.evaluateSequential(ForEachOps.java:150)
	at java.base/java.util.stream.ForEachOps$ForEachOp$OfRef.evaluateSequential(ForEachOps.java:173)
	at java.base/java.util.stream.AbstractPipeline.evaluate(AbstractPipeline.java:234)
	at java.base/java.util.stream.ReferencePipeline.forEach(ReferencePipeline.java:596)
	at java.base/java.util.stream.ReferencePipeline$7$1.accept(ReferencePipeline.java:276)
	at java.base/java.util.stream.ReferencePipeline$3$1.accept(ReferencePipeline.java:197)
	at java.base/java.util.stream.ReferencePipeline$3$1.accept(ReferencePipeline.java:197)
	at java.base/java.util.stream.ReferencePipeline$3$1.accept(ReferencePipeline.java:197)
	at java.base/java.util.Spliterators$ArraySpliterator.forEachRemaining(Spliterators.java:992)
	at java.base/java.util.stream.AbstractPipeline.copyInto(AbstractPipeline.java:509)
	at java.base/java.util.stream.AbstractPipeline.wrapAndCopyInto(AbstractPipeline.java:499)
	at java.base/java.util.stream.ForEachOps$ForEachOp.evaluateSequential(ForEachOps.java:150)
	at java.base/java.util.stream.ForEachOps$ForEachOp$OfRef.evaluateSequential(ForEachOps.java:173)
	at java.base/java.util.stream.AbstractPipeline.evaluate(AbstractPipeline.java:234)
	at java.base/java.util.stream.ReferencePipeline.forEach(ReferencePipeline.java:596)
	at java.base/java.util.stream.ReferencePipeline$7$1.accept(ReferencePipeline.java:276)
	at java.base/java.util.stream.ReferencePipeline$3$1.accept(ReferencePipeline.java:197)
	at java.base/java.util.stream.ReferencePipeline$3$1.accept(ReferencePipeline.java:197)
	at java.base/java.util.stream.ReferencePipeline$3$1.accept(ReferencePipeline.java:197)
	at java.base/java.util.ArrayList$ArrayListSpliterator.forEachRemaining(ArrayList.java:1625)
	at java.base/java.util.stream.AbstractPipeline.copyInto(AbstractPipeline.java:509)
	at java.base/java.util.stream.AbstractPipeline.wrapAndCopyInto(AbstractPipeline.java:499)
	at java.base/java.util.stream.ForEachOps$ForEachOp.evaluateSequential(ForEachOps.java:150)
	at java.base/java.util.stream.ForEachOps$ForEachOp$OfRef.evaluateSequential(ForEachOps.java:173)
	at java.base/java.util.stream.AbstractPipeline.evaluate(AbstractPipeline.java:234)
	at java.base/java.util.stream.ReferencePipeline.forEach(ReferencePipeline.java:596)
	at java.base/java.util.stream.ReferencePipeline$7$1.accept(ReferencePipeline.java:276)
	at java.base/java.util.ArrayList$ArrayListSpliterator.forEachRemaining(ArrayList.java:1625)
	at java.base/java.util.stream.AbstractPipeline.copyInto(AbstractPipeline.java:509)
	at java.base/java.util.stream.AbstractPipeline.wrapAndCopyInto(AbstractPipeline.java:499)
	at java.base/java.util.stream.ForEachOps$ForEachOp.evaluateSequential(ForEachOps.java:150)
	at java.base/java.util.stream.ForEachOps$ForEachOp$OfRef.evaluateSequential(ForEachOps.java:173)
	at java.base/java.util.stream.AbstractPipeline.evaluate(AbstractPipeline.java:234)
	at java.base/java.util.stream.ReferencePipeline.forEach(ReferencePipeline.java:596)
	at java.base/java.util.ArrayList.forEach(ArrayList.java:1511)
	at java.base/java.util.ArrayList.forEach(ArrayList.java:1511)
]]></failure>
    <system-out><![CDATA[2024-03-04T18:31:47.005+01:00  INFO 6803 --- [           main] com.test.wootitude_test.base.BaseTest    : Input value: \
Actual: Valid Value
Expected: Invalid Value
]]></system-out>
  </testcase>
  <testcase name="invalidProhibitedSymbols(String)[23]" classname="com.test.wootitude_test.impl.Validation7CharPageTest" time="0.068">
    <system-out><![CDATA[2024-03-04T18:31:47.073+01:00  INFO 6803 --- [           main] com.test.wootitude_test.base.BaseTest    : Input value: |
Actual: Invalid Value
Expected: Invalid Value
]]></system-out>
  </testcase>
  <testcase name="invalidProhibitedSymbols(String)[24]" classname="com.test.wootitude_test.impl.Validation7CharPageTest" time="0.072">
    <system-out><![CDATA[2024-03-04T18:31:47.145+01:00  INFO 6803 --- [           main] com.test.wootitude_test.base.BaseTest    : Input value: /
Actual: Invalid Value
Expected: Invalid Value
]]></system-out>
  </testcase>
  <testcase name="invalidProhibitedSymbols(String)[25]" classname="com.test.wootitude_test.impl.Validation7CharPageTest" time="0.067">
    <system-out><![CDATA[2024-03-04T18:31:47.212+01:00  INFO 6803 --- [           main] com.test.wootitude_test.base.BaseTest    : Input value: ,
Actual: Invalid Value
Expected: Invalid Value
]]></system-out>
  </testcase>
  <testcase name="invalidProhibitedSymbols(String)[26]" classname="com.test.wootitude_test.impl.Validation7CharPageTest" time="0.087">
    <system-out><![CDATA[2024-03-04T18:31:47.299+01:00  INFO 6803 --- [           main] com.test.wootitude_test.base.BaseTest    : Input value: <
Actual: Invalid Value
Expected: Invalid Value
]]></system-out>
  </testcase>
  <testcase name="invalidProhibitedSymbols(String)[27]" classname="com.test.wootitude_test.impl.Validation7CharPageTest" time="0.081">
    <system-out><![CDATA[2024-03-04T18:31:47.380+01:00  INFO 6803 --- [           main] com.test.wootitude_test.base.BaseTest    : Input value: >
Actual: Invalid Value
Expected: Invalid Value
]]></system-out>
  </testcase>
  <testcase name="invalidCyrillicLetters" classname="com.test.wootitude_test.impl.Validation7CharPageTest" time="0.083">
    <system-out><![CDATA[2024-03-04T18:31:47.463+01:00  INFO 6803 --- [           main] com.test.wootitude_test.base.BaseTest    : Input value: АБВГДЕЁ
Actual: Invalid Value
Expected: Invalid Value
]]></system-out>
  </testcase>
</testsuite>